{"/Users/fillip/Documents/Repos/workflow-fillip/src/js/api/constants.js": {"path":"/Users/fillip/Documents/Repos/workflow-fillip/src/js/api/constants.js","statementMap":{"0":{"start":{"line":1,"column":22},"end":{"line":1,"column":67}},"1":{"start":{"line":2,"column":23},"end":{"line":2,"column":40}}},"fnMap":{},"branchMap":{},"s":{"0":1,"1":1},"f":{},"b":{},"_coverageSchema":"1a1c01bbd47fc00a2c39e90264f33305004495a9","hash":"f92e12a6d1c1ccb161bac26f41ec9ad39d076fbf"}
,"/Users/fillip/Documents/Repos/workflow-fillip/src/js/api/headers.js": {"path":"/Users/fillip/Documents/Repos/workflow-fillip/src/js/api/headers.js","statementMap":{"0":{"start":{"line":3,"column":23},"end":{"line":16,"column":1}},"1":{"start":{"line":4,"column":15},"end":{"line":4,"column":36}},"2":{"start":{"line":5,"column":17},"end":{"line":5,"column":19}},"3":{"start":{"line":7,"column":1},"end":{"line":9,"column":2}},"4":{"start":{"line":8,"column":2},"end":{"line":8,"column":40}},"5":{"start":{"line":11,"column":1},"end":{"line":13,"column":2}},"6":{"start":{"line":12,"column":2},"end":{"line":12,"column":44}},"7":{"start":{"line":15,"column":1},"end":{"line":15,"column":16}}},"fnMap":{"0":{"name":"(anonymous_0)","decl":{"start":{"line":3,"column":23},"end":{"line":3,"column":24}},"loc":{"start":{"line":3,"column":40},"end":{"line":16,"column":1}},"line":3}},"branchMap":{"0":{"loc":{"start":{"line":7,"column":1},"end":{"line":9,"column":2}},"type":"if","locations":[{"start":{"line":7,"column":1},"end":{"line":9,"column":2}},{"start":{},"end":{}}],"line":7},"1":{"loc":{"start":{"line":11,"column":1},"end":{"line":13,"column":2}},"type":"if","locations":[{"start":{"line":11,"column":1},"end":{"line":13,"column":2}},{"start":{},"end":{}}],"line":11}},"s":{"0":1,"1":3,"2":3,"3":3,"4":3,"5":3,"6":0,"7":3},"f":{"0":3},"b":{"0":[3,0],"1":[0,3]},"_coverageSchema":"1a1c01bbd47fc00a2c39e90264f33305004495a9","hash":"7cf2df0ade7f995ebf57980461753c5805f25429"}
,"/Users/fillip/Documents/Repos/workflow-fillip/src/js/api/auth/login.js": {"path":"/Users/fillip/Documents/Repos/workflow-fillip/src/js/api/auth/login.js","statementMap":{"0":{"start":{"line":6,"column":19},"end":{"line":10,"column":4}},"1":{"start":{"line":12,"column":2},"end":{"line":18,"column":3}},"2":{"start":{"line":13,"column":20},"end":{"line":13,"column":41}},"3":{"start":{"line":14,"column":4},"end":{"line":14,"column":39}},"4":{"start":{"line":15,"column":4},"end":{"line":15,"column":31}},"5":{"start":{"line":16,"column":4},"end":{"line":16,"column":29}},"6":{"start":{"line":17,"column":4},"end":{"line":17,"column":19}},"7":{"start":{"line":20,"column":2},"end":{"line":20,"column":39}}},"fnMap":{"0":{"name":"login","decl":{"start":{"line":5,"column":22},"end":{"line":5,"column":27}},"loc":{"start":{"line":5,"column":45},"end":{"line":21,"column":1}},"line":5}},"branchMap":{"0":{"loc":{"start":{"line":12,"column":2},"end":{"line":18,"column":3}},"type":"if","locations":[{"start":{"line":12,"column":2},"end":{"line":18,"column":3}},{"start":{},"end":{}}],"line":12}},"s":{"0":2,"1":2,"2":1,"3":1,"4":1,"5":1,"6":1,"7":1},"f":{"0":2},"b":{"0":[1,1]},"_coverageSchema":"1a1c01bbd47fc00a2c39e90264f33305004495a9","hash":"c2ab17e73fa6e485bf787bcc296675f72757f291"}
,"/Users/fillip/Documents/Repos/workflow-fillip/src/js/api/auth/logout.js": {"path":"/Users/fillip/Documents/Repos/workflow-fillip/src/js/api/auth/logout.js","statementMap":{"0":{"start":{"line":4,"column":1},"end":{"line":4,"column":17}},"1":{"start":{"line":5,"column":1},"end":{"line":5,"column":19}}},"fnMap":{"0":{"name":"logout","decl":{"start":{"line":3,"column":16},"end":{"line":3,"column":22}},"loc":{"start":{"line":3,"column":25},"end":{"line":6,"column":1}},"line":3}},"branchMap":{},"s":{"0":1,"1":1},"f":{"0":1},"b":{},"_coverageSchema":"1a1c01bbd47fc00a2c39e90264f33305004495a9","hash":"0804bc01b877ddf249a2c3a23f07220e00d61d42"}
}
